<?xml version="1.0" encoding="UTF-8"?><testrun name="MarsRoversTest" project="Practice2020" tests="10" started="10" failures="0" errors="1" ignored="0">
  <testsuite name="Phoebe.MarsRoversTest" time="0.004">
    <testcase name="turnLeftExceptionTesting" classname="Phoebe.MarsRoversTest" time="0.0"/>
    <testcase name="decodeDirectionCommendsTesting" classname="Phoebe.MarsRoversTest" time="0.0"/>
    <testcase name="decodeStartPtException2Testing" classname="Phoebe.MarsRoversTest" time="0.002">
      <error>java.lang.Exception: Unexpected exception, expected&lt;java.lang.NumberFormatException&gt; but was&lt;java.lang.IllegalArgumentException&gt;
	at org.junit.internal.runners.statements.ExpectException.evaluate(ExpectException.java:28)
	at org.junit.runners.ParentRunner.runLeaf(ParentRunner.java:325)
	at org.junit.runners.BlockJUnit4ClassRunner.runChild(BlockJUnit4ClassRunner.java:78)
	at org.junit.runners.BlockJUnit4ClassRunner.runChild(BlockJUnit4ClassRunner.java:57)
	at org.junit.runners.ParentRunner$3.run(ParentRunner.java:290)
	at org.junit.runners.ParentRunner$1.schedule(ParentRunner.java:71)
	at org.junit.runners.ParentRunner.runChildren(ParentRunner.java:288)
	at org.junit.runners.ParentRunner.access$000(ParentRunner.java:58)
	at org.junit.runners.ParentRunner$2.evaluate(ParentRunner.java:268)
	at org.junit.runners.ParentRunner.run(ParentRunner.java:363)
	at org.eclipse.jdt.internal.junit4.runner.JUnit4TestReference.run(JUnit4TestReference.java:89)
	at org.eclipse.jdt.internal.junit.runner.TestExecution.run(TestExecution.java:41)
	at org.eclipse.jdt.internal.junit.runner.RemoteTestRunner.runTests(RemoteTestRunner.java:542)
	at org.eclipse.jdt.internal.junit.runner.RemoteTestRunner.runTests(RemoteTestRunner.java:770)
	at org.eclipse.jdt.internal.junit.runner.RemoteTestRunner.run(RemoteTestRunner.java:464)
	at org.eclipse.jdt.internal.junit.runner.RemoteTestRunner.main(RemoteTestRunner.java:210)
Caused by: java.lang.IllegalArgumentException: Please Provide a suitable direction of Rovers ex: (1 2 N): Q Q Q
	at Phoebe.MarsRovers.decodeStartPt(MarsRovers.java:68)
	at Phoebe.MarsRoversTest.decodeStartPtException2Testing(MarsRoversTest.java:174)
	at java.base/jdk.internal.reflect.NativeMethodAccessorImpl.invoke0(Native Method)
	at java.base/jdk.internal.reflect.NativeMethodAccessorImpl.invoke(NativeMethodAccessorImpl.java:62)
	at java.base/jdk.internal.reflect.DelegatingMethodAccessorImpl.invoke(DelegatingMethodAccessorImpl.java:43)
	at java.base/java.lang.reflect.Method.invoke(Method.java:567)
	at org.junit.runners.model.FrameworkMethod$1.runReflectiveCall(FrameworkMethod.java:50)
	at org.junit.internal.runners.model.ReflectiveCallable.run(ReflectiveCallable.java:12)
	at org.junit.runners.model.FrameworkMethod.invokeExplosively(FrameworkMethod.java:47)
	at org.junit.internal.runners.statements.InvokeMethod.evaluate(InvokeMethod.java:17)
	at org.junit.internal.runners.statements.ExpectException.evaluate(ExpectException.java:19)
	... 15 more

</error>
    </testcase>
    <testcase name="decodeStartPtTesting" classname="Phoebe.MarsRoversTest" time="0.001"/>
    <testcase name="moveForwardNormalTesting" classname="Phoebe.MarsRoversTest" time="0.0"/>
    <testcase name="turnLeftNormalTesting" classname="Phoebe.MarsRoversTest" time="0.0"/>
    <testcase name="decodeDirectionCommendsExceptionTesting" classname="Phoebe.MarsRoversTest" time="0.0"/>
    <testcase name="turnRightNormalTesting" classname="Phoebe.MarsRoversTest" time="0.0"/>
    <testcase name="decodeStartPtException1Testing" classname="Phoebe.MarsRoversTest" time="0.0"/>
    <testcase name="turnRightExceptionTesting" classname="Phoebe.MarsRoversTest" time="0.001"/>
  </testsuite>
</testrun>
